<?xml version="1.0" encoding="UTF-8"?>
<!-- Generated by org.testng.reporters.JUnitReportReporter -->
<testsuite skipped="0" hostname="XIPL0606" name="googleAPITestsXml.FinalGoogleSearchAPIScriptXml" tests="3" failures="0" timestamp="02 Apr 2018 11:42:16 GMT" time="2.463" errors="0">
  <testcase name="postGooglePlaceDetails" time="0.229" classname="googleAPITestsXml.FinalGoogleSearchAPIScriptXml"/>
  <testcase name="postAndDeleteGooglePlaceDetails" time="0.502" classname="googleAPITestsXml.FinalGoogleSearchAPIScriptXml"/>
  <testcase name="getGooglePlaceDetails" time="1.732" classname="googleAPITestsXml.FinalGoogleSearchAPIScriptXml"/>
</testsuite> <!-- googleAPITestsXml.FinalGoogleSearchAPIScriptXml -->
