<?xml version="1.0" encoding="UTF-8"?>
<!-- Generated by org.testng.reporters.JUnitReportReporter -->
<testsuite skipped="0" hostname="XIPL0606" name="googleAPITests.FinalGoogleSearchAPIScript" tests="3" failures="0" timestamp="26 Mar 2018 11:01:56 GMT" time="2.805" errors="0">
  <testcase name="postGooglePlaceDetails" time="0.308" classname="googleAPITests.FinalGoogleSearchAPIScript"/>
  <testcase name="getGooglePlaceDetails" time="1.872" classname="googleAPITests.FinalGoogleSearchAPIScript"/>
  <testcase name="postAndDeleteGooglePlaceDetails" time="0.625" classname="googleAPITests.FinalGoogleSearchAPIScript"/>
</testsuite> <!-- googleAPITests.FinalGoogleSearchAPIScript -->
