<?xml version="1.0" encoding="UTF-8"?>
<!-- Generated by org.testng.reporters.JUnitReportReporter -->
<testsuite skipped="0" hostname="XIPL0606" name="googleAPITests.FinalGoogleSearchAPIScipt" tests="3" failures="0" timestamp="26 Mar 2018 10:47:39 GMT" time="2.943" errors="0">
  <testcase name="postGooglePlaceDetails" time="0.237" classname="googleAPITests.FinalGoogleSearchAPIScipt"/>
  <testcase name="getGooglePlaceDetails" time="2.149" classname="googleAPITests.FinalGoogleSearchAPIScipt"/>
  <testcase name="postAndDeleteGooglePlaceDetails" time="0.557" classname="googleAPITests.FinalGoogleSearchAPIScipt"/>
</testsuite> <!-- googleAPITests.FinalGoogleSearchAPIScipt -->
