<?xml version="1.0" encoding="UTF-8"?>
<!-- Generated by org.testng.reporters.JUnitReportReporter -->
<testsuite skipped="0" hostname="XIPL0606" name="googleAPITestsJson.FinalGoogleSearchAPIScript" tests="3" failures="0" timestamp="02 Apr 2018 11:42:04 GMT" time="3.351" errors="0">
  <testcase name="postGooglePlaceDetails" time="0.234" classname="googleAPITestsJson.FinalGoogleSearchAPIScript"/>
  <testcase name="getGooglePlaceDetails" time="2.457" classname="googleAPITestsJson.FinalGoogleSearchAPIScript"/>
  <testcase name="postAndDeleteGooglePlaceDetails" time="0.660" classname="googleAPITestsJson.FinalGoogleSearchAPIScript"/>
</testsuite> <!-- googleAPITestsJson.FinalGoogleSearchAPIScript -->
