<?xml version="1.0" encoding="UTF-8"?>
<!-- Generated by org.testng.reporters.JUnitReportReporter -->
<testsuite hostname="XIPL0606" name="googleAPITests.FinalGoogleSearchAPIScript" tests="3" failures="0" timestamp="26 Mar 2018 11:04:50 GMT" time="2.798" errors="0">
  <testcase name="postGooglePlaceDetails" time="0.247" classname="googleAPITests.FinalGoogleSearchAPIScript"/>
  <testcase name="getGooglePlaceDetails" time="2.046" classname="googleAPITests.FinalGoogleSearchAPIScript"/>
  <testcase name="postAndDeleteGooglePlaceDetails" time="0.505" classname="googleAPITests.FinalGoogleSearchAPIScript"/>
</testsuite> <!-- googleAPITests.FinalGoogleSearchAPIScript -->
