<?xml version="1.0" encoding="UTF-8"?>
<!-- Generated by org.testng.reporters.JUnitReportReporter -->
<testsuite hostname="XIPL0606" name="googleAPITestsJson.FinalGoogleSearchAPIScript" tests="3" failures="0" timestamp="2 Apr 2018 12:43:17 GMT" time="3.159" errors="0">
  <testcase name="postAndDeleteGooglePlaceDetails" time="0.704" classname="googleAPITestsJson.FinalGoogleSearchAPIScript"/>
  <testcase name="postGooglePlaceDetails" time="0.317" classname="googleAPITestsJson.FinalGoogleSearchAPIScript"/>
  <testcase name="getGooglePlaceDetails" time="2.138" classname="googleAPITestsJson.FinalGoogleSearchAPIScript"/>
</testsuite> <!-- googleAPITestsJson.FinalGoogleSearchAPIScript -->
